c:\users\flynnuser\desktop\development\c++ projects\nintendosmackdown\project-nintendo-smack-down\nintendosmackdown\debug\vc120.pdb
c:\users\flynnuser\desktop\development\c++ projects\nintendosmackdown\project-nintendo-smack-down\nintendosmackdown\debug\vc120.idb
c:\users\flynnuser\desktop\development\c++ projects\nintendosmackdown\project-nintendo-smack-down\nintendosmackdown\debug\animator.obj
c:\users\flynnuser\desktop\development\c++ projects\nintendosmackdown\project-nintendo-smack-down\nintendosmackdown\debug\fighter.obj
c:\users\flynnuser\desktop\development\c++ projects\nintendosmackdown\project-nintendo-smack-down\nintendosmackdown\debug\entitymanager.obj
c:\users\flynnuser\desktop\development\c++ projects\nintendosmackdown\project-nintendo-smack-down\nintendosmackdown\debug\gameloop.obj
c:\users\flynnuser\desktop\development\c++ projects\nintendosmackdown\project-nintendo-smack-down\nintendosmackdown\debug\inputmanager.obj
c:\users\flynnuser\desktop\development\c++ projects\nintendosmackdown\project-nintendo-smack-down\nintendosmackdown\debug\mousemanager.obj
c:\users\flynnuser\desktop\development\c++ projects\nintendosmackdown\project-nintendo-smack-down\nintendosmackdown\debug\main.obj
c:\users\flynnuser\desktop\development\c++ projects\nintendosmackdown\project-nintendo-smack-down\nintendosmackdown\debug\assets.obj
c:\users\flynnuser\desktop\development\c++ projects\nintendosmackdown\project-nintendo-smack-down\nintendosmackdown\debug\windowmanager.obj
c:\users\flynnuser\desktop\development\c++ projects\nintendosmackdown\project-nintendo-smack-down\nintendosmackdown\debug\map.obj
c:\users\flynnuser\desktop\development\c++ projects\nintendosmackdown\project-nintendo-smack-down\nintendosmackdown\debug\imagetools.obj
c:\users\flynnuser\desktop\development\c++ projects\nintendosmackdown\project-nintendo-smack-down\nintendosmackdown\debug\mapparser.obj
c:\users\flynnuser\desktop\development\c++ projects\nintendosmackdown\project-nintendo-smack-down\nintendosmackdown\debug\universal.obj
c:\users\flynnuser\desktop\development\c++ projects\nintendosmackdown\project-nintendo-smack-down\nintendosmackdown\debug\text.obj
c:\users\flynnuser\desktop\development\c++ projects\nintendosmackdown\project-nintendo-smack-down\nintendosmackdown\debug\debugui.obj
c:\users\flynnuser\desktop\development\c++ projects\nintendosmackdown\project-nintendo-smack-down\nintendosmackdown\debug\optionsui.obj
c:\users\flynnuser\desktop\development\c++ projects\nintendosmackdown\project-nintendo-smack-down\nintendosmackdown\debug\universe.obj
c:\users\flynnuser\desktop\development\c++ projects\nintendosmackdown\project-nintendo-smack-down\nintendosmackdown\debug\statemanager.obj
c:\users\flynnuser\desktop\development\c++ projects\nintendosmackdown\project-nintendo-smack-down\nintendosmackdown\debug\tiles.obj
c:\users\flynnuser\desktop\development\c++ projects\nintendosmackdown\project-nintendo-smack-down\nintendosmackdown\debug\texture.obj
c:\users\flynnuser\desktop\development\c++ projects\nintendosmackdown\project-nintendo-smack-down\nintendosmackdown\debug\particlemovement.obj
c:\users\flynnuser\desktop\development\c++ projects\nintendosmackdown\project-nintendo-smack-down\nintendosmackdown\debug\particlecontroller.obj
c:\users\flynnuser\desktop\development\c++ projects\nintendosmackdown\project-nintendo-smack-down\nintendosmackdown\debug\particleemitter.obj
c:\users\flynnuser\desktop\development\c++ projects\nintendosmackdown\project-nintendo-smack-down\nintendosmackdown\debug\particlemanager.obj
c:\users\flynnuser\desktop\development\c++ projects\nintendosmackdown\project-nintendo-smack-down\nintendosmackdown\debug\particlerenderer.obj
c:\users\flynnuser\desktop\development\c++ projects\nintendosmackdown\project-nintendo-smack-down\nintendosmackdown\debug\bufferobject.obj
c:\users\flynnuser\desktop\development\c++ projects\nintendosmackdown\project-nintendo-smack-down\nintendosmackdown\debug\renderer.obj
c:\users\flynnuser\desktop\development\c++ projects\nintendosmackdown\project-nintendo-smack-down\nintendosmackdown\debug\timercallback.obj
c:\users\flynnuser\desktop\development\c++ projects\nintendosmackdown\project-nintendo-smack-down\nintendosmackdown\debug\button.obj
c:\users\flynnuser\desktop\development\c++ projects\nintendosmackdown\project-nintendo-smack-down\nintendosmackdown\debug\dropdownbox.obj
c:\users\flynnuser\desktop\development\c++ projects\nintendosmackdown\project-nintendo-smack-down\nintendosmackdown\debug\messagebox.obj
c:\users\flynnuser\desktop\development\c++ projects\nintendosmackdown\project-nintendo-smack-down\nintendosmackdown\debug\messageboxmanager.obj
c:\users\flynnuser\desktop\development\c++ projects\nintendosmackdown\project-nintendo-smack-down\nintendosmackdown\debug\menuui.obj
c:\users\flynnuser\desktop\development\c++ projects\nintendosmackdown\project-nintendo-smack-down\nintendosmackdown\debug\gameui.obj
c:\users\flynnuser\desktop\development\c++ projects\nintendosmackdown\project-nintendo-smack-down\nintendosmackdown\debug\camera.obj
c:\users\flynnuser\desktop\development\c++ projects\nintendosmackdown\project-nintendo-smack-down\nintendosmackdown\debug\damage.obj
c:\users\flynnuser\desktop\development\c++ projects\nintendosmackdown\project-nintendo-smack-down\nintendosmackdown\debug\movement.obj
c:\users\flynnuser\desktop\development\c++ projects\nintendosmackdown\project-nintendo-smack-down\nintendosmackdown\debug\collision.obj
c:\users\flynnuser\desktop\development\c++ projects\nintendosmackdown\project-nintendo-smack-down\nintendosmackdown\debug\editor.obj
c:\users\flynnuser\desktop\development\c++ projects\nintendosmackdown\project-nintendo-smack-down\nintendosmackdown\debug\titleui.obj
c:\users\flynnuser\desktop\development\c++ projects\nintendosmackdown\project-nintendo-smack-down\debug\nintendosmackdown.exe
c:\users\flynnuser\desktop\development\c++ projects\nintendosmackdown\project-nintendo-smack-down\debug\nintendosmackdown.pdb
c:\users\flynnuser\desktop\development\c++ projects\nintendosmackdown\project-nintendo-smack-down\nintendosmackdown\debug\nintendo.9e9a4ca8.tlog\cl.command.1.tlog
c:\users\flynnuser\desktop\development\c++ projects\nintendosmackdown\project-nintendo-smack-down\nintendosmackdown\debug\nintendo.9e9a4ca8.tlog\cl.read.1.tlog
c:\users\flynnuser\desktop\development\c++ projects\nintendosmackdown\project-nintendo-smack-down\nintendosmackdown\debug\nintendo.9e9a4ca8.tlog\cl.write.1.tlog
c:\users\flynnuser\desktop\development\c++ projects\nintendosmackdown\project-nintendo-smack-down\nintendosmackdown\debug\nintendo.9e9a4ca8.tlog\link.command.1.tlog
c:\users\flynnuser\desktop\development\c++ projects\nintendosmackdown\project-nintendo-smack-down\nintendosmackdown\debug\nintendo.9e9a4ca8.tlog\link.read.1.tlog
c:\users\flynnuser\desktop\development\c++ projects\nintendosmackdown\project-nintendo-smack-down\nintendosmackdown\debug\nintendo.9e9a4ca8.tlog\link.write.1.tlog
